# JRE version: Java(TM) SE Runtime Environment (8.0_161-b12) (build 1.8.0_161-b12)
# Java VM: Java HotSpot(TM) 64-Bit Server VM (25.161-b12 mixed mode windows-amd64 compressed oops)
Heap:
 PSYoungGen      total 72192K, used 33583K [0x00000000eb400000, 0x00000000f0200000, 0x0000000100000000)
  eden space 65024K, 40% used [0x00000000eb400000,0x00000000ecdd1ef0,0x00000000ef380000)
  from space 7168K, 99% used [0x00000000ef380000,0x00000000efa79f48,0x00000000efa80000)
  to   space 6656K, 0% used [0x00000000efa80000,0x00000000efa80000,0x00000000f0100000)
 ParOldGen       total 34816K, used 9081K [0x00000000c1c00000, 0x00000000c3e00000, 0x00000000eb400000)
  object space 34816K, 26% used [0x00000000c1c00000,0x00000000c24de678,0x00000000c3e00000)
 Metaspace       used 25287K, capacity 25996K, committed 26240K, reserved 1073152K
  class space    used 3233K, capacity 3423K, committed 3456K, reserved 1048576K
GC Heap History (10 events):
Event: 1.454 GC heap before
{Heap before GC invocations=4 (full 0):
 PSYoungGen      total 18944K, used 18944K [0x00000000eb400000, 0x00000000ed900000, 0x0000000100000000)
  eden space 16384K, 100% used [0x00000000eb400000,0x00000000ec400000,0x00000000ec400000)
  from space 2560K, 100% used [0x00000000ec400000,0x00000000ec680000,0x00000000ec680000)
  to   space 2560K, 0% used [0x00000000ed680000,0x00000000ed680000,0x00000000ed900000)
 ParOldGen       total 44032K, used 3273K [0x00000000c1c00000, 0x00000000c4700000, 0x00000000eb400000)
  object space 44032K, 7% used [0x00000000c1c00000,0x00000000c1f324e8,0x00000000c4700000)
 Metaspace       used 13335K, capacity 13760K, committed 13952K, reserved 1060864K
  class space    used 1750K, capacity 1879K, committed 1920K, reserved 1048576K
Event: 1.459 GC heap after
Heap after GC invocations=4 (full 0):
 PSYoungGen      total 35328K, used 2544K [0x00000000eb400000, 0x00000000ed900000, 0x0000000100000000)
  eden space 32768K, 0% used [0x00000000eb400000,0x00000000eb400000,0x00000000ed400000)
  from space 2560K, 99% used [0x00000000ed680000,0x00000000ed8fc010,0x00000000ed900000)
  to   space 2560K, 0% used [0x00000000ed400000,0x00000000ed400000,0x00000000ed680000)
 ParOldGen       total 44032K, used 4819K [0x00000000c1c00000, 0x00000000c4700000, 0x00000000eb400000)
  object space 44032K, 10% used [0x00000000c1c00000,0x00000000c20b4c00,0x00000000c4700000)
 Metaspace       used 13335K, capacity 13760K, committed 13952K, reserved 1060864K
  class space    used 1750K, capacity 1879K, committed 1920K, reserved 1048576K
}
Event: 2.072 GC heap before
{Heap before GC invocations=5 (full 0):
 PSYoungGen      total 35328K, used 35312K [0x00000000eb400000, 0x00000000ed900000, 0x0000000100000000)
  eden space 32768K, 100% used [0x00000000eb400000,0x00000000ed400000,0x00000000ed400000)
  from space 2560K, 99% used [0x00000000ed680000,0x00000000ed8fc010,0x00000000ed900000)
  to   space 2560K, 0% used [0x00000000ed400000,0x00000000ed400000,0x00000000ed680000)
 ParOldGen       total 44032K, used 4819K [0x00000000c1c00000, 0x00000000c4700000, 0x00000000eb400000)
  object space 44032K, 10% used [0x00000000c1c00000,0x00000000c20b4c00,0x00000000c4700000)
 Metaspace       used 17974K, capacity 18530K, committed 18688K, reserved 1064960K
  class space    used 2310K, capacity 2460K, committed 2560K, reserved 1048576K
Event: 2.087 GC heap after
Heap after GC invocations=5 (full 0):
 PSYoungGen      total 35328K, used 2560K [0x00000000eb400000, 0x00000000f0100000, 0x0000000100000000)
  eden space 32768K, 0% used [0x00000000eb400000,0x00000000eb400000,0x00000000ed400000)
  from space 2560K, 100% used [0x00000000ed400000,0x00000000ed680000,0x00000000ed680000)
  to   space 6656K, 0% used [0x00000000efa80000,0x00000000efa80000,0x00000000f0100000)
 ParOldGen       total 44032K, used 9534K [0x00000000c1c00000, 0x00000000c4700000, 0x00000000eb400000)
  object space 44032K, 21% used [0x00000000c1c00000,0x00000000c254f928,0x00000000c4700000)
 Metaspace       used 17974K, capacity 18530K, committed 18688K, reserved 1064960K
  class space    used 2310K, capacity 2460K, committed 2560K, reserved 1048576K
}
Event: 2.443 GC heap before
{Heap before GC invocations=6 (full 0):
 PSYoungGen      total 35328K, used 25060K [0x00000000eb400000, 0x00000000f0100000, 0x0000000100000000)
  eden space 32768K, 68% used [0x00000000eb400000,0x00000000ec9f9398,0x00000000ed400000)
  from space 2560K, 100% used [0x00000000ed400000,0x00000000ed680000,0x00000000ed680000)
  to   space 6656K, 0% used [0x00000000efa80000,0x00000000efa80000,0x00000000f0100000)
 ParOldGen       total 44032K, used 9534K [0x00000000c1c00000, 0x00000000c4700000, 0x00000000eb400000)
  object space 44032K, 21% used [0x00000000c1c00000,0x00000000c254f928,0x00000000c4700000)
 Metaspace       used 20607K, capacity 21174K, committed 21296K, reserved 1067008K
  class space    used 2661K, capacity 2824K, committed 2944K, reserved 1048576K
Event: 2.451 GC heap after
Heap after GC invocations=6 (full 0):
 PSYoungGen      total 71680K, used 5843K [0x00000000eb400000, 0x00000000f0200000, 0x0000000100000000)
  eden space 65024K, 0% used [0x00000000eb400000,0x00000000eb400000,0x00000000ef380000)
  from space 6656K, 87% used [0x00000000efa80000,0x00000000f0034d50,0x00000000f0100000)
  to   space 7168K, 0% used [0x00000000ef380000,0x00000000ef380000,0x00000000efa80000)
 ParOldGen       total 44032K, used 9542K [0x00000000c1c00000, 0x00000000c4700000, 0x00000000eb400000)
  object space 44032K, 21% used [0x00000000c1c00000,0x00000000c2551928,0x00000000c4700000)
 Metaspace       used 20607K, capacity 21174K, committed 21296K, reserved 1067008K
  class space    used 2661K, capacity 2824K, committed 2944K, reserved 1048576K
}
Event: 2.452 GC heap before
{Heap before GC invocations=7 (full 1):
 PSYoungGen      total 71680K, used 5843K [0x00000000eb400000, 0x00000000f0200000, 0x0000000100000000)
  eden space 65024K, 0% used [0x00000000eb400000,0x00000000eb400000,0x00000000ef380000)
  from space 6656K, 87% used [0x00000000efa80000,0x00000000f0034d50,0x00000000f0100000)
  to   space 7168K, 0% used [0x00000000ef380000,0x00000000ef380000,0x00000000efa80000)
 ParOldGen       total 44032K, used 9542K [0x00000000c1c00000, 0x00000000c4700000, 0x00000000eb400000)
  object space 44032K, 21% used [0x00000000c1c00000,0x00000000c2551928,0x00000000c4700000)
 Metaspace       used 20607K, capacity 21174K, committed 21296K, reserved 1067008K
  class space    used 2661K, capacity 2824K, committed 2944K, reserved 1048576K
Event: 2.535 GC heap after
Heap after GC invocations=7 (full 1):
 PSYoungGen      total 71680K, used 0K [0x00000000eb400000, 0x00000000f0200000, 0x0000000100000000)
  eden space 65024K, 0% used [0x00000000eb400000,0x00000000eb400000,0x00000000ef380000)
  from space 6656K, 0% used [0x00000000efa80000,0x00000000efa80000,0x00000000f0100000)
  to   space 7168K, 0% used [0x00000000ef380000,0x00000000ef380000,0x00000000efa80000)
 ParOldGen       total 34816K, used 7183K [0x00000000c1c00000, 0x00000000c3e00000, 0x00000000eb400000)
  object space 34816K, 20% used [0x00000000c1c00000,0x00000000c2303c60,0x00000000c3e00000)
 Metaspace       used 20607K, capacity 21174K, committed 21296K, reserved 1067008K
  class space    used 2661K, capacity 2824K, committed 2944K, reserved 1048576K
}
Event: 4.096 GC heap before
{Heap before GC invocations=8 (full 1):
 PSYoungGen      total 71680K, used 65019K [0x00000000eb400000, 0x00000000f0200000, 0x0000000100000000)
  eden space 65024K, 99% used [0x00000000eb400000,0x00000000ef37ef50,0x00000000ef380000)
  from space 6656K, 0% used [0x00000000efa80000,0x00000000efa80000,0x00000000f0100000)
  to   space 7168K, 0% used [0x00000000ef380000,0x00000000ef380000,0x00000000efa80000)
 ParOldGen       total 34816K, used 7183K [0x00000000c1c00000, 0x00000000c3e00000, 0x00000000eb400000)
  object space 34816K, 20% used [0x00000000c1c00000,0x00000000c2303c60,0x00000000c3e00000)
 Metaspace       used 24982K, capacity 25726K, committed 25984K, reserved 1071104K
  class space    used 3195K, capacity 3378K, committed 3456K, reserved 1048576K
Event: 4.112 GC heap after
Heap after GC invocations=8 (full 1):
 PSYoungGen      total 72192K, used 7143K [0x00000000eb400000, 0x00000000f0200000, 0x0000000100000000)
  eden space 65024K, 0% used [0x00000000eb400000,0x00000000eb400000,0x00000000ef380000)
  from space 7168K, 99% used [0x00000000ef380000,0x00000000efa79f48,0x00000000efa80000)
  to   space 6656K, 0% used [0x00000000efa80000,0x00000000efa80000,0x00000000f0100000)
 ParOldGen       total 34816K, used 9081K [0x00000000c1c00000, 0x00000000c3e00000, 0x00000000eb400000)
  object space 34816K, 26% used [0x00000000c1c00000,0x00000000c24de678,0x00000000c3e00000)
 Metaspace       used 24982K, capacity 25726K, committed 25984K, reserved 1071104K
  class space    used 3195K, capacity 3378K, committed 3456K, reserved 1048576K
}

