# JRE version: Java(TM) SE Runtime Environment (8.0_161-b12) (build 1.8.0_161-b12)
# Java VM: Java HotSpot(TM) 64-Bit Server VM (25.161-b12 mixed mode windows-amd64 compressed oops)
Heap:
 PSYoungGen      total 72192K, used 46367K [0x00000000eb400000, 0x00000000f0200000, 0x0000000100000000)
  eden space 65024K, 60% used [0x00000000eb400000,0x00000000eda480c8,0x00000000ef380000)
  from space 7168K, 99% used [0x00000000ef380000,0x00000000efa7fd58,0x00000000efa80000)
  to   space 6656K, 0% used [0x00000000efa80000,0x00000000efa80000,0x00000000f0100000)
 ParOldGen       total 33792K, used 8035K [0x00000000c1c00000, 0x00000000c3d00000, 0x00000000eb400000)
  object space 33792K, 23% used [0x00000000c1c00000,0x00000000c23d8c20,0x00000000c3d00000)
 Metaspace       used 27997K, capacity 28938K, committed 29232K, reserved 1075200K
  class space    used 3630K, capacity 3840K, committed 3888K, reserved 1048576K
GC Heap History (10 events):
Event: 1.103 GC heap before
{Heap before GC invocations=4 (full 0):
 PSYoungGen      total 18944K, used 18912K [0x00000000eb400000, 0x00000000ed900000, 0x0000000100000000)
  eden space 16384K, 100% used [0x00000000eb400000,0x00000000ec400000,0x00000000ec400000)
  from space 2560K, 98% used [0x00000000ec400000,0x00000000ec678020,0x00000000ec680000)
  to   space 2560K, 0% used [0x00000000ed680000,0x00000000ed680000,0x00000000ed900000)
 ParOldGen       total 44032K, used 3033K [0x00000000c1c00000, 0x00000000c4700000, 0x00000000eb400000)
  object space 44032K, 6% used [0x00000000c1c00000,0x00000000c1ef6628,0x00000000c4700000)
 Metaspace       used 13351K, capacity 13818K, committed 13952K, reserved 1060864K
  class space    used 1749K, capacity 1878K, committed 1920K, reserved 1048576K
Event: 1.109 GC heap after
Heap after GC invocations=4 (full 0):
 PSYoungGen      total 35328K, used 2528K [0x00000000eb400000, 0x00000000ed900000, 0x0000000100000000)
  eden space 32768K, 0% used [0x00000000eb400000,0x00000000eb400000,0x00000000ed400000)
  from space 2560K, 98% used [0x00000000ed680000,0x00000000ed8f8020,0x00000000ed900000)
  to   space 2560K, 0% used [0x00000000ed400000,0x00000000ed400000,0x00000000ed680000)
 ParOldGen       total 44032K, used 4474K [0x00000000c1c00000, 0x00000000c4700000, 0x00000000eb400000)
  object space 44032K, 10% used [0x00000000c1c00000,0x00000000c205ea48,0x00000000c4700000)
 Metaspace       used 13351K, capacity 13818K, committed 13952K, reserved 1060864K
  class space    used 1749K, capacity 1878K, committed 1920K, reserved 1048576K
}
Event: 1.544 GC heap before
{Heap before GC invocations=5 (full 0):
 PSYoungGen      total 35328K, used 35296K [0x00000000eb400000, 0x00000000ed900000, 0x0000000100000000)
  eden space 32768K, 100% used [0x00000000eb400000,0x00000000ed400000,0x00000000ed400000)
  from space 2560K, 98% used [0x00000000ed680000,0x00000000ed8f8020,0x00000000ed900000)
  to   space 2560K, 0% used [0x00000000ed400000,0x00000000ed400000,0x00000000ed680000)
 ParOldGen       total 44032K, used 4571K [0x00000000c1c00000, 0x00000000c4700000, 0x00000000eb400000)
  object space 44032K, 10% used [0x00000000c1c00000,0x00000000c2076e28,0x00000000c4700000)
 Metaspace       used 17552K, capacity 18048K, committed 18304K, reserved 1064960K
  class space    used 2271K, capacity 2429K, committed 2432K, reserved 1048576K
Event: 1.559 GC heap after
Heap after GC invocations=5 (full 0):
 PSYoungGen      total 35328K, used 2544K [0x00000000eb400000, 0x00000000f0100000, 0x0000000100000000)
  eden space 32768K, 0% used [0x00000000eb400000,0x00000000eb400000,0x00000000ed400000)
  from space 2560K, 99% used [0x00000000ed400000,0x00000000ed67c010,0x00000000ed680000)
  to   space 6656K, 0% used [0x00000000efa80000,0x00000000efa80000,0x00000000f0100000)
 ParOldGen       total 44032K, used 8768K [0x00000000c1c00000, 0x00000000c4700000, 0x00000000eb400000)
  object space 44032K, 19% used [0x00000000c1c00000,0x00000000c2490360,0x00000000c4700000)
 Metaspace       used 17552K, capacity 18048K, committed 18304K, reserved 1064960K
  class space    used 2271K, capacity 2429K, committed 2432K, reserved 1048576K
}
Event: 1.933 GC heap before
{Heap before GC invocations=6 (full 0):
 PSYoungGen      total 35328K, used 33633K [0x00000000eb400000, 0x00000000f0100000, 0x0000000100000000)
  eden space 32768K, 94% used [0x00000000eb400000,0x00000000ed25c4e8,0x00000000ed400000)
  from space 2560K, 99% used [0x00000000ed400000,0x00000000ed67c010,0x00000000ed680000)
  to   space 6656K, 0% used [0x00000000efa80000,0x00000000efa80000,0x00000000f0100000)
 ParOldGen       total 44032K, used 8768K [0x00000000c1c00000, 0x00000000c4700000, 0x00000000eb400000)
  object space 44032K, 19% used [0x00000000c1c00000,0x00000000c2490360,0x00000000c4700000)
 Metaspace       used 20719K, capacity 21254K, committed 21296K, reserved 1067008K
  class space    used 2675K, capacity 2824K, committed 2864K, reserved 1048576K
Event: 1.944 GC heap after
Heap after GC invocations=6 (full 0):
 PSYoungGen      total 71680K, used 6188K [0x00000000eb400000, 0x00000000f0200000, 0x0000000100000000)
  eden space 65024K, 0% used [0x00000000eb400000,0x00000000eb400000,0x00000000ef380000)
  from space 6656K, 92% used [0x00000000efa80000,0x00000000f008b3c8,0x00000000f0100000)
  to   space 7168K, 0% used [0x00000000ef380000,0x00000000ef380000,0x00000000efa80000)
 ParOldGen       total 44032K, used 8776K [0x00000000c1c00000, 0x00000000c4700000, 0x00000000eb400000)
  object space 44032K, 19% used [0x00000000c1c00000,0x00000000c2492360,0x00000000c4700000)
 Metaspace       used 20719K, capacity 21254K, committed 21296K, reserved 1067008K
  class space    used 2675K, capacity 2824K, committed 2864K, reserved 1048576K
}
Event: 1.944 GC heap before
{Heap before GC invocations=7 (full 1):
 PSYoungGen      total 71680K, used 6188K [0x00000000eb400000, 0x00000000f0200000, 0x0000000100000000)
  eden space 65024K, 0% used [0x00000000eb400000,0x00000000eb400000,0x00000000ef380000)
  from space 6656K, 92% used [0x00000000efa80000,0x00000000f008b3c8,0x00000000f0100000)
  to   space 7168K, 0% used [0x00000000ef380000,0x00000000ef380000,0x00000000efa80000)
 ParOldGen       total 44032K, used 8776K [0x00000000c1c00000, 0x00000000c4700000, 0x00000000eb400000)
  object space 44032K, 19% used [0x00000000c1c00000,0x00000000c2492360,0x00000000c4700000)
 Metaspace       used 20719K, capacity 21254K, committed 21296K, reserved 1067008K
  class space    used 2675K, capacity 2824K, committed 2864K, reserved 1048576K
Event: 1.981 GC heap after
Heap after GC invocations=7 (full 1):
 PSYoungGen      total 71680K, used 0K [0x00000000eb400000, 0x00000000f0200000, 0x0000000100000000)
  eden space 65024K, 0% used [0x00000000eb400000,0x00000000eb400000,0x00000000ef380000)
  from space 6656K, 0% used [0x00000000efa80000,0x00000000efa80000,0x00000000f0100000)
  to   space 7168K, 0% used [0x00000000ef380000,0x00000000ef380000,0x00000000efa80000)
 ParOldGen       total 33792K, used 7420K [0x00000000c1c00000, 0x00000000c3d00000, 0x00000000eb400000)
  object space 33792K, 21% used [0x00000000c1c00000,0x00000000c233f288,0x00000000c3d00000)
 Metaspace       used 20719K, capacity 21254K, committed 21296K, reserved 1067008K
  class space    used 2675K, capacity 2824K, committed 2864K, reserved 1048576K
}
Event: 2.707 GC heap before
{Heap before GC invocations=8 (full 1):
 PSYoungGen      total 71680K, used 65024K [0x00000000eb400000, 0x00000000f0200000, 0x0000000100000000)
  eden space 65024K, 100% used [0x00000000eb400000,0x00000000ef380000,0x00000000ef380000)
  from space 6656K, 0% used [0x00000000efa80000,0x00000000efa80000,0x00000000f0100000)
  to   space 7168K, 0% used [0x00000000ef380000,0x00000000ef380000,0x00000000efa80000)
 ParOldGen       total 33792K, used 7420K [0x00000000c1c00000, 0x00000000c3d00000, 0x00000000eb400000)
  object space 33792K, 21% used [0x00000000c1c00000,0x00000000c233f288,0x00000000c3d00000)
 Metaspace       used 24892K, capacity 25606K, committed 25776K, reserved 1071104K
  class space    used 3193K, capacity 3384K, committed 3504K, reserved 1048576K
Event: 2.719 GC heap after
Heap after GC invocations=8 (full 1):
 PSYoungGen      total 72192K, used 7167K [0x00000000eb400000, 0x00000000f0200000, 0x0000000100000000)
  eden space 65024K, 0% used [0x00000000eb400000,0x00000000eb400000,0x00000000ef380000)
  from space 7168K, 99% used [0x00000000ef380000,0x00000000efa7fd58,0x00000000efa80000)
  to   space 6656K, 0% used [0x00000000efa80000,0x00000000efa80000,0x00000000f0100000)
 ParOldGen       total 33792K, used 8035K [0x00000000c1c00000, 0x00000000c3d00000, 0x00000000eb400000)
  object space 33792K, 23% used [0x00000000c1c00000,0x00000000c23d8c20,0x00000000c3d00000)
 Metaspace       used 24892K, capacity 25606K, committed 25776K, reserved 1071104K
  class space    used 3193K, capacity 3384K, committed 3504K, reserved 1048576K
}

